[2026-07-02 11:11:55] Initialize SAC+HER Trainer: run name=20260702_111154
[2026-07-02 11:11:55] episode=1 step=50 return=-50.000 length=50
[2026-07-02 11:11:55] episode=2 step=100 return=-50.000 length=50
[2026-07-02 11:11:55] episode=3 step=150 return=-50.000 length=50
[2026-07-02 11:11:56] episode=4 step=200 return=-50.000 length=50
[2026-07-02 11:11:56] episode=5 step=250 return=-50.000 length=50
[2026-07-02 11:11:56] episode=6 step=300 return=-50.000 length=50
[2026-07-02 11:11:56] episode=7 step=350 return=-48.000 length=50
[2026-07-02 11:11:56] episode=8 step=400 return=-50.000 length=50
[2026-07-02 11:11:56] episode=9 step=450 return=-50.000 length=50
[2026-07-02 11:11:56] episode=10 step=500 return=-50.000 length=50
[2026-07-02 11:11:56] episode=11 step=550 return=-47.000 length=50
[2026-07-02 11:11:56] episode=12 step=600 return=-50.000 length=50
[2026-07-02 11:11:56] episode=13 step=650 return=-50.000 length=50
[2026-07-02 11:11:56] episode=14 step=700 return=-50.000 length=50
[2026-07-02 11:11:56] episode=15 step=750 return=-50.000 length=50
[2026-07-02 11:11:56] episode=16 step=800 return=-50.000 length=50
[2026-07-02 11:11:56] episode=17 step=850 return=-50.000 length=50
[2026-07-02 11:11:56] episode=18 step=900 return=-50.000 length=50
[2026-07-02 11:11:56] episode=19 step=950 return=-50.000 length=50
[2026-07-02 11:11:56] episode=20 step=1000 return=-50.000 length=50
[2026-07-02 11:11:56] episode=21 step=1050 return=-50.000 length=50
[2026-07-02 11:11:56] episode=22 step=1100 return=-50.000 length=50
[2026-07-02 11:11:56] episode=23 step=1150 return=-50.000 length=50
[2026-07-02 11:11:57] episode=24 step=1200 return=-44.000 length=50
[2026-07-02 11:11:57] episode=25 step=1250 return=-50.000 length=50
[2026-07-02 11:11:57] episode=26 step=1300 return=-50.000 length=50
[2026-07-02 11:11:57] episode=27 step=1350 return=-50.000 length=50
[2026-07-02 11:11:57] episode=28 step=1400 return=-50.000 length=50
[2026-07-02 11:11:57] episode=29 step=1450 return=-50.000 length=50
[2026-07-02 11:11:57] episode=30 step=1500 return=-50.000 length=50
[2026-07-02 11:11:57] episode=31 step=1550 return=-50.000 length=50
[2026-07-02 11:11:57] episode=32 step=1600 return=-43.000 length=50
[2026-07-02 11:11:57] episode=33 step=1650 return=-50.000 length=50
[2026-07-02 11:11:57] episode=34 step=1700 return=-40.000 length=50
[2026-07-02 11:11:57] episode=35 step=1750 return=-50.000 length=50
[2026-07-02 11:11:57] episode=36 step=1800 return=-50.000 length=50
[2026-07-02 11:11:57] episode=37 step=1850 return=-50.000 length=50
[2026-07-02 11:11:57] episode=38 step=1900 return=-50.000 length=50
[2026-07-02 11:11:57] episode=39 step=1950 return=-50.000 length=50
[2026-07-02 11:11:57] episode=40 step=2000 return=-50.000 length=50
[2026-07-02 11:11:57] episode=41 step=2050 return=-50.000 length=50
[2026-07-02 11:11:57] episode=42 step=2100 return=-50.000 length=50
[2026-07-02 11:11:57] episode=43 step=2150 return=-50.000 length=50
[2026-07-02 11:11:58] episode=44 step=2200 return=-37.000 length=50
[2026-07-02 11:11:58] episode=45 step=2250 return=-50.000 length=50
[2026-07-02 11:11:58] episode=46 step=2300 return=-50.000 length=50
[2026-07-02 11:11:58] episode=47 step=2350 return=-50.000 length=50
[2026-07-02 11:11:58] episode=48 step=2400 return=-50.000 length=50
[2026-07-02 11:11:58] episode=49 step=2450 return=-50.000 length=50
[2026-07-02 11:11:58] episode=50 step=2500 return=-50.000 length=50
[2026-07-02 11:11:58] episode=51 step=2550 return=-46.000 length=50
[2026-07-02 11:11:58] episode=52 step=2600 return=-50.000 length=50
[2026-07-02 11:11:58] episode=53 step=2650 return=-50.000 length=50
[2026-07-02 11:11:58] episode=54 step=2700 return=-50.000 length=50
[2026-07-02 11:11:58] episode=55 step=2750 return=-50.000 length=50
[2026-07-02 11:11:58] episode=56 step=2800 return=-50.000 length=50
[2026-07-02 11:11:58] episode=57 step=2850 return=-49.000 length=50
[2026-07-02 11:11:58] episode=58 step=2900 return=-50.000 length=50
[2026-07-02 11:11:58] episode=59 step=2950 return=-47.000 length=50
[2026-07-02 11:11:58] episode=60 step=3000 return=-50.000 length=50
[2026-07-02 11:11:58] episode=61 step=3050 return=-50.000 length=50
[2026-07-02 11:11:58] episode=62 step=3100 return=-50.000 length=50
[2026-07-02 11:11:59] episode=63 step=3150 return=-50.000 length=50
[2026-07-02 11:11:59] episode=64 step=3200 return=-50.000 length=50
[2026-07-02 11:11:59] episode=65 step=3250 return=-50.000 length=50
[2026-07-02 11:11:59] episode=66 step=3300 return=-47.000 length=50
[2026-07-02 11:11:59] episode=67 step=3350 return=-50.000 length=50
[2026-07-02 11:11:59] episode=68 step=3400 return=-50.000 length=50
[2026-07-02 11:11:59] episode=69 step=3450 return=-50.000 length=50
[2026-07-02 11:11:59] episode=70 step=3500 return=-50.000 length=50
[2026-07-02 11:11:59] episode=71 step=3550 return=-50.000 length=50
[2026-07-02 11:11:59] episode=72 step=3600 return=-50.000 length=50
[2026-07-02 11:11:59] episode=73 step=3650 return=-50.000 length=50
[2026-07-02 11:11:59] episode=74 step=3700 return=-50.000 length=50
[2026-07-02 11:11:59] episode=75 step=3750 return=-50.000 length=50
[2026-07-02 11:11:59] episode=76 step=3800 return=-50.000 length=50
[2026-07-02 11:11:59] episode=77 step=3850 return=-50.000 length=50
[2026-07-02 11:11:59] episode=78 step=3900 return=-50.000 length=50
[2026-07-02 11:11:59] episode=79 step=3950 return=-50.000 length=50
[2026-07-02 11:11:59] episode=80 step=4000 return=-50.000 length=50
[2026-07-02 11:11:59] episode=81 step=4050 return=-50.000 length=50
[2026-07-02 11:11:59] episode=82 step=4100 return=-50.000 length=50
[2026-07-02 11:12:00] episode=83 step=4150 return=-49.000 length=50
[2026-07-02 11:12:00] episode=84 step=4200 return=-50.000 length=50
[2026-07-02 11:12:00] episode=85 step=4250 return=-50.000 length=50
[2026-07-02 11:12:00] episode=86 step=4300 return=-50.000 length=50
[2026-07-02 11:12:00] episode=87 step=4350 return=-50.000 length=50
[2026-07-02 11:12:00] episode=88 step=4400 return=-50.000 length=50
[2026-07-02 11:12:00] episode=89 step=4450 return=-49.000 length=50
[2026-07-02 11:12:00] episode=90 step=4500 return=-50.000 length=50
[2026-07-02 11:12:00] episode=91 step=4550 return=-50.000 length=50
[2026-07-02 11:12:00] episode=92 step=4600 return=-50.000 length=50
[2026-07-02 11:12:00] episode=93 step=4650 return=-50.000 length=50
[2026-07-02 11:12:00] episode=94 step=4700 return=-50.000 length=50
[2026-07-02 11:12:00] episode=95 step=4750 return=-50.000 length=50
[2026-07-02 11:12:00] episode=96 step=4800 return=-50.000 length=50
[2026-07-02 11:12:00] episode=97 step=4850 return=-50.000 length=50
[2026-07-02 11:12:00] episode=98 step=4900 return=-50.000 length=50
[2026-07-02 11:12:00] episode=99 step=4950 return=-50.000 length=50
[2026-07-02 11:12:00] episode=100 step=5000 return=-50.000 length=50
[2026-07-02 11:12:00] step=5000 critic_loss=0.6110 actor_loss=-0.3599 log_pi=-2.6153 q1=-0.1139 q2=0.0557
[2026-07-02 11:12:01] [eval] step=5000 avg_return=-50.000 NEW_BEST
[2026-07-02 11:12:01] saved best model at step=5000: results\best\FetchReach-v4\20260702_111154\sacher_best.pt
[2026-07-02 11:12:01] saved checkpoint at step=5000: results\checkpoints\FetchReach-v4\20260702_111154\sacher_checkpoint_5000.pt
[2026-07-02 11:12:02] episode=101 step=5050 return=-50.000 length=50
[2026-07-02 11:12:03] episode=102 step=5100 return=-50.000 length=50
[2026-07-02 11:12:03] episode=103 step=5150 return=-49.000 length=50
[2026-07-02 11:12:04] episode=104 step=5200 return=-50.000 length=50
[2026-07-02 11:12:05] episode=105 step=5250 return=-50.000 length=50
[2026-07-02 11:12:06] episode=106 step=5300 return=-50.000 length=50
[2026-07-02 11:12:07] episode=107 step=5350 return=-50.000 length=50
[2026-07-02 11:12:08] episode=108 step=5400 return=-50.000 length=50
[2026-07-02 11:12:08] episode=109 step=5450 return=-50.000 length=50
[2026-07-02 11:12:09] episode=110 step=5500 return=-50.000 length=50
[2026-07-02 11:12:09] step=5500 critic_loss=0.4040 actor_loss=0.4709 log_pi=-2.7206 q1=-0.9382 q2=-0.9416
[2026-07-02 11:12:10] episode=111 step=5550 return=-49.000 length=50
[2026-07-02 11:12:11] episode=112 step=5600 return=-50.000 length=50
[2026-07-02 11:12:12] episode=113 step=5650 return=-48.000 length=50
[2026-07-02 11:12:13] episode=114 step=5700 return=-50.000 length=50
[2026-07-02 11:12:13] episode=115 step=5750 return=-50.000 length=50
[2026-07-02 11:12:14] episode=116 step=5800 return=-50.000 length=50
[2026-07-02 11:12:15] episode=117 step=5850 return=-50.000 length=50
[2026-07-02 11:12:16] episode=118 step=5900 return=-50.000 length=50
[2026-07-02 11:12:17] episode=119 step=5950 return=-50.000 length=50
[2026-07-02 11:12:18] episode=120 step=6000 return=-50.000 length=50
[2026-07-02 11:12:18] step=6000 critic_loss=0.4106 actor_loss=1.2752 log_pi=-2.7250 q1=-1.6490 q2=-1.6556
[2026-07-02 11:12:18] episode=121 step=6050 return=-50.000 length=50
[2026-07-02 11:12:19] episode=122 step=6100 return=-50.000 length=50
[2026-07-02 11:12:20] episode=123 step=6150 return=-50.000 length=50
[2026-07-02 11:12:21] episode=124 step=6200 return=-50.000 length=50
[2026-07-02 11:12:22] episode=125 step=6250 return=-50.000 length=50
[2026-07-02 11:12:23] episode=126 step=6300 return=-50.000 length=50
[2026-07-02 11:12:23] episode=127 step=6350 return=-50.000 length=50
[2026-07-02 11:12:24] episode=128 step=6400 return=-50.000 length=50
[2026-07-02 11:12:25] episode=129 step=6450 return=-50.000 length=50
[2026-07-02 11:12:26] episode=130 step=6500 return=-47.000 length=50
[2026-07-02 11:12:26] step=6500 critic_loss=0.5919 actor_loss=2.2860 log_pi=-2.7130 q1=-2.6339 q2=-2.5642
[2026-07-02 11:12:27] episode=131 step=6550 return=-46.000 length=50
[2026-07-02 11:12:27] episode=132 step=6600 return=-50.000 length=50
[2026-07-02 11:12:28] episode=133 step=6650 return=-50.000 length=50
[2026-07-02 11:12:29] episode=134 step=6700 return=-50.000 length=50
[2026-07-02 11:12:30] episode=135 step=6750 return=-50.000 length=50
[2026-07-02 11:12:31] episode=136 step=6800 return=-50.000 length=50
[2026-07-02 11:12:32] episode=137 step=6850 return=-50.000 length=50
[2026-07-02 11:12:33] episode=138 step=6900 return=-50.000 length=50
[2026-07-02 11:12:33] episode=139 step=6950 return=-50.000 length=50
[2026-07-02 11:12:34] episode=140 step=7000 return=-40.000 length=50
[2026-07-02 11:12:34] step=7000 critic_loss=0.8110 actor_loss=3.2704 log_pi=-2.5405 q1=-3.4680 q2=-3.4495
[2026-07-02 11:12:35] episode=141 step=7050 return=-50.000 length=50
[2026-07-02 11:12:36] episode=142 step=7100 return=-48.000 length=50
[2026-07-02 11:12:37] episode=143 step=7150 return=-50.000 length=50
[2026-07-02 11:12:38] episode=144 step=7200 return=-39.000 length=50
[2026-07-02 11:12:39] episode=145 step=7250 return=-50.000 length=50
[2026-07-02 11:12:39] episode=146 step=7300 return=-50.000 length=50
[2026-07-02 11:12:40] episode=147 step=7350 return=-50.000 length=50
[2026-07-02 11:12:41] episode=148 step=7400 return=-50.000 length=50
[2026-07-02 11:12:42] episode=149 step=7450 return=-45.000 length=50
[2026-07-02 11:12:43] episode=150 step=7500 return=-50.000 length=50
[2026-07-02 11:12:43] step=7500 critic_loss=0.9390 actor_loss=4.2565 log_pi=-2.2057 q1=-4.4138 q2=-4.4503
[2026-07-02 11:12:44] episode=151 step=7550 return=-49.000 length=50
[2026-07-02 11:12:45] episode=152 step=7600 return=-50.000 length=50
[2026-07-02 11:12:45] episode=153 step=7650 return=-48.000 length=50
[2026-07-02 11:12:46] episode=154 step=7700 return=-50.000 length=50
[2026-07-02 11:12:47] episode=155 step=7750 return=-50.000 length=50
[2026-07-02 11:12:48] episode=156 step=7800 return=-50.000 length=50
[2026-07-02 11:12:49] episode=157 step=7850 return=-43.000 length=50
[2026-07-02 11:12:50] episode=158 step=7900 return=-50.000 length=50
[2026-07-02 11:12:51] episode=159 step=7950 return=-45.000 length=50
[2026-07-02 11:12:52] episode=160 step=8000 return=-48.000 length=50
[2026-07-02 11:12:52] step=8000 critic_loss=0.7909 actor_loss=5.1610 log_pi=-2.2496 q1=-5.3712 q2=-5.3290
[2026-07-02 11:12:52] episode=161 step=8050 return=-50.000 length=50
[2026-07-02 11:12:53] episode=162 step=8100 return=-50.000 length=50
[2026-07-02 11:12:54] episode=163 step=8150 return=-47.000 length=50
[2026-07-02 11:12:55] episode=164 step=8200 return=-50.000 length=50
[2026-07-02 11:12:56] episode=165 step=8250 return=-48.000 length=50
[2026-07-02 11:12:57] episode=166 step=8300 return=-50.000 length=50
[2026-07-02 11:12:58] episode=167 step=8350 return=-50.000 length=50
[2026-07-02 11:12:59] episode=168 step=8400 return=-50.000 length=50
[2026-07-02 11:13:00] episode=169 step=8450 return=-50.000 length=50
[2026-07-02 11:13:00] episode=170 step=8500 return=-47.000 length=50
[2026-07-02 11:13:00] step=8500 critic_loss=1.2886 actor_loss=6.0297 log_pi=-0.9160 q1=-6.2461 q2=-6.2768
[2026-07-02 11:13:01] episode=171 step=8550 return=-50.000 length=50
[2026-07-02 11:13:02] episode=172 step=8600 return=-50.000 length=50
[2026-07-02 11:13:03] episode=173 step=8650 return=-50.000 length=50
[2026-07-02 11:13:04] episode=174 step=8700 return=-46.000 length=50
[2026-07-02 11:13:05] episode=175 step=8750 return=-45.000 length=50
[2026-07-02 11:13:06] episode=176 step=8800 return=-46.000 length=50
[2026-07-02 11:13:07] episode=177 step=8850 return=-50.000 length=50
[2026-07-02 11:13:08] episode=178 step=8900 return=-43.000 length=50
[2026-07-02 11:13:09] episode=179 step=8950 return=-48.000 length=50
[2026-07-02 11:13:10] episode=180 step=9000 return=-48.000 length=50
[2026-07-02 11:13:10] step=9000 critic_loss=1.6592 actor_loss=6.6825 log_pi=-1.2689 q1=-6.8593 q2=-6.8968
[2026-07-02 11:13:11] Closing logger
